<?xml version="1.0" encoding="UTF-8"?>
<!-- Generated by org.testng.reporters.JUnitXMLReporter -->
<testsuite hostname="DESKTOP-B6S492D" ignored="0" name="Default test" tests="3" failures="0" timestamp="23 Mar 2019 08:03:10 GMT" time="43.963" errors="0">
  <testcase name="submitLoanRequestForm" time="27.839" classname="com.loans.tests.LoanVerificationTest"/>
  <testcase name="testCase2" time="0.006" classname="com.loans.tests.LoanVerificationTest"/>
  <testcase name="testCase3" time="0.006" classname="com.loans.tests.LoanVerificationTest"/>
</testsuite> <!-- Default test -->
