<?xml version="1.0" encoding="UTF-8"?>
<!-- Generated by org.testng.reporters.JUnitXMLReporter -->
<testsuite hostname="DESKTOP-B6S492D" ignored="0" name="Test" tests="3" failures="0" timestamp="23 Mar 2019 08:09:15 GMT" time="48.627" errors="0">
  <testcase name="submitLoanRequestForm" time="31.449" classname="com.loans.tests.LoanVerificationTest"/>
  <testcase name="testCase2" time="0.001" classname="com.loans.tests.LoanVerificationTest"/>
  <testcase name="testCase3" time="0.0" classname="com.loans.tests.LoanVerificationTest"/>
</testsuite> <!-- Test -->
