<?xml version="1.0" encoding="UTF-8"?>
<testsuite xmlns:xsi="http://www.w3.org/2001/XMLSchema-instance" xsi:noNamespaceSchemaLocation="https://maven.apache.org/surefire/maven-surefire-plugin/xsd/surefire-test-report.xsd" name="TestSuite" time="53.055" tests="3" errors="0" skipped="0" failures="1">
  <properties>
[...]
</properties>
  <testcase name="submitLoanRequestForm" classname="com.loans.tests.LoanVerificationTest" time="33.803">
    <failure message="Unable to locate element: {&quot;method&quot;:&quot;name&quot;,&quot;selector&quot;:&quot;borrowerFirstName&quot;}&#10;For documentation on this error, please visit: http://seleniumhq.org/exceptions/no_such_element.html&#10;Build info: version: &apos;2.46.0&apos;, revision: &apos;87c69e2&apos;, time: &apos;2015-06-04 16:16:47&apos;&#10;System info: host: &apos;mac-207-254-12-163.browserstack.com&apos;, ip: &apos;207.254.12.163&apos;, os.name: &apos;Mac OS X&apos;, os.arch: &apos;x86_64&apos;, os.version: &apos;10.12.6&apos;, java.version: &apos;1.8.0_181&apos;&#10;Driver info: driver.version: unknown&#10;Command duration or timeout: 0 milliseconds" type="org.openqa.selenium.NoSuchElementException">org.openqa.selenium.NoSuchElementException: 
Unable to locate element: {"method":"name","selector":"borrowerFirstName"}
For documentation on this error, please visit: http://seleniumhq.org/exceptions/no_such_element.html
Build info: version: '2.46.0', revision: '87c69e2', time: '2015-06-04 16:16:47'
System info: host: 'mac-207-254-12-163.browserstack.com', ip: '207.254.12.163', os.name: 'Mac OS X', os.arch: 'x86_64', os.version: '10.12.6', java.version: '1.8.0_181'
Driver info: driver.version: unknown
Command duration or timeout: 0 milliseconds
	at com.loans.tests.LoanVerificationTest.submitLoanRequestForm(LoanVerificationTest.java:35)
Caused by: org.openqa.selenium.NoSuchElementException: 
Unable to locate element: {"method":"name","selector":"borrowerFirstName"}
For documentation on this error, please visit: http://seleniumhq.org/exceptions/no_such_element.html
Build info: version: '2.46.0', revision: '87c69e2', time: '2015-06-04 16:16:47'
System info: host: 'mac-207-254-12-163.browserstack.com', ip: '207.254.12.163', os.name: 'Mac OS X', os.arch: 'x86_64', os.version: '10.12.6', java.version: '1.8.0_181'
Driver info: driver.version: unknown
For documentation on this error, please visit: http://seleniumhq.org/exceptions/no_such_element.html
Build info: version: '3.141.0', revision: '2ecb7d9a', time: '2018-10-31T20:09:30'
System info: host: 'DESKTOP-B6S492D', ip: '192.168.0.176', os.name: 'Windows 10', os.arch: 'amd64', os.version: '10.0', java.version: '1.8.0_201'
Driver info: driver.version: unknown
</failure>
    <system-out><![CDATA[Before groups in BaseTest

loan init form
]]></system-out>
    <system-err><![CDATA[Mar 26, 2019 1:09:13 PM org.openqa.selenium.remote.ProtocolHandshake createSession
INFO: Detected dialect: OSS
Mar 26, 2019 1:09:22 PM org.openqa.selenium.remote.ProtocolHandshake createSession
INFO: Detected dialect: OSS
]]></system-err>
  </testcase>
  <testcase name="testCase2" classname="com.loans.tests.LoanVerificationTest" time="0"/>
  <testcase name="testCase3" classname="com.loans.tests.LoanVerificationTest" time="0.015"/>
</testsuite>