<?xml version="1.0" encoding="UTF-8"?>
<testng-results skipped="0" failed="0" ignored="0" total="3" passed="3">
  <reporter-output>
  </reporter-output>
  <suite name="Suite" duration-ms="48627" started-at="2019-03-23T08:08:26Z" finished-at="2019-03-23T08:09:15Z">
    <groups>
      <group name="regression">
        <method signature="LoanVerificationTest.submitLoanRequestForm()[pri:0, instance:com.loans.tests.LoanVerificationTest@2d3fcdbd]" name="submitLoanRequestForm" class="com.loans.tests.LoanVerificationTest"/>
        <method signature="LoanVerificationTest.testCase2()[pri:0, instance:com.loans.tests.LoanVerificationTest@2d3fcdbd]" name="testCase2" class="com.loans.tests.LoanVerificationTest"/>
      </group> <!-- regression -->
      <group name="smoke">
        <method signature="LoanVerificationTest.submitLoanRequestForm()[pri:0, instance:com.loans.tests.LoanVerificationTest@2d3fcdbd]" name="submitLoanRequestForm" class="com.loans.tests.LoanVerificationTest"/>
        <method signature="LoanVerificationTest.testCase3()[pri:0, instance:com.loans.tests.LoanVerificationTest@2d3fcdbd]" name="testCase3" class="com.loans.tests.LoanVerificationTest"/>
      </group> <!-- smoke -->
    </groups>
    <test name="Test" duration-ms="48627" started-at="2019-03-23T08:08:26Z" finished-at="2019-03-23T08:09:15Z">
      <class name="com.loans.tests.LoanVerificationTest">
        <test-method status="PASS" signature="beforeTestInParent(java.lang.String)[pri:0, instance:com.loans.tests.LoanVerificationTest@2d3fcdbd]" name="beforeTestInParent" is-config="true" duration-ms="9502" started-at="2019-03-23T08:08:26Z" finished-at="2019-03-23T08:08:36Z">
          <params>
            <param index="0">
              <value>
                <![CDATA[chrome]]>
              </value>
            </param>
          </params>
          <reporter-output>
          </reporter-output>
        </test-method> <!-- beforeTestInParent -->
        <test-method status="PASS" signature="beforeGroupsInParent(java.lang.String)[pri:0, instance:com.loans.tests.LoanVerificationTest@2d3fcdbd]" name="beforeGroupsInParent" is-config="true" duration-ms="6879" started-at="2019-03-23T08:08:36Z" finished-at="2019-03-23T08:08:42Z">
          <params>
            <param index="0">
              <value>
                <![CDATA[chrome]]>
              </value>
            </param>
          </params>
          <reporter-output>
          </reporter-output>
        </test-method> <!-- beforeGroupsInParent -->
        <test-method status="PASS" signature="beforeMethodInLoanLandingPageTest()[pri:0, instance:com.loans.tests.LoanVerificationTest@2d3fcdbd]" name="beforeMethodInLoanLandingPageTest" is-config="true" duration-ms="50" started-at="2019-03-23T08:08:42Z" finished-at="2019-03-23T08:08:43Z">
          <reporter-output>
          </reporter-output>
        </test-method> <!-- beforeMethodInLoanLandingPageTest -->
        <test-method status="PASS" signature="submitLoanRequestForm()[pri:0, instance:com.loans.tests.LoanVerificationTest@2d3fcdbd]" name="submitLoanRequestForm" duration-ms="31449" started-at="2019-03-23T08:08:43Z" finished-at="2019-03-23T08:09:14Z">
          <reporter-output>
          </reporter-output>
        </test-method> <!-- submitLoanRequestForm -->
        <test-method status="PASS" signature="beforeMethodInLoanLandingPageTest()[pri:0, instance:com.loans.tests.LoanVerificationTest@2d3fcdbd]" name="beforeMethodInLoanLandingPageTest" is-config="true" duration-ms="1" started-at="2019-03-23T08:09:14Z" finished-at="2019-03-23T08:09:14Z">
          <reporter-output>
          </reporter-output>
        </test-method> <!-- beforeMethodInLoanLandingPageTest -->
        <test-method status="PASS" signature="testCase2()[pri:0, instance:com.loans.tests.LoanVerificationTest@2d3fcdbd]" name="testCase2" duration-ms="1" started-at="2019-03-23T08:09:14Z" finished-at="2019-03-23T08:09:14Z">
          <reporter-output>
          </reporter-output>
        </test-method> <!-- testCase2 -->
        <test-method status="PASS" signature="beforeMethodInLoanLandingPageTest()[pri:0, instance:com.loans.tests.LoanVerificationTest@2d3fcdbd]" name="beforeMethodInLoanLandingPageTest" is-config="true" duration-ms="0" started-at="2019-03-23T08:09:14Z" finished-at="2019-03-23T08:09:14Z">
          <reporter-output>
          </reporter-output>
        </test-method> <!-- beforeMethodInLoanLandingPageTest -->
        <test-method status="PASS" signature="testCase3()[pri:0, instance:com.loans.tests.LoanVerificationTest@2d3fcdbd]" name="testCase3" duration-ms="0" started-at="2019-03-23T08:09:14Z" finished-at="2019-03-23T08:09:14Z">
          <reporter-output>
          </reporter-output>
        </test-method> <!-- testCase3 -->
        <test-method status="PASS" signature="tearDownInParent()[pri:0, instance:com.loans.tests.LoanVerificationTest@2d3fcdbd]" name="tearDownInParent" is-config="true" duration-ms="722" started-at="2019-03-23T08:09:14Z" finished-at="2019-03-23T08:09:15Z">
          <reporter-output>
          </reporter-output>
        </test-method> <!-- tearDownInParent -->
      </class> <!-- com.loans.tests.LoanVerificationTest -->
    </test> <!-- Test -->
  </suite> <!-- Suite -->
</testng-results>
