<?xml version="1.0" encoding="UTF-8"?>
<testng-results skipped="0" failed="0" ignored="0" total="1" passed="1">
  <reporter-output>
  </reporter-output>
  <suite name="Default suite" duration-ms="70774" started-at="2019-03-26T21:55:29Z" finished-at="2019-03-26T21:56:40Z">
    <groups>
      <group name="regression">
        <method signature="LoanVerificationTest.submitLoanRequestForm()[pri:0, instance:com.loans.tests.LoanVerificationTest@7c417213]" name="submitLoanRequestForm" class="com.loans.tests.LoanVerificationTest"/>
      </group> <!-- regression -->
      <group name="smoke">
        <method signature="LoanVerificationTest.submitLoanRequestForm()[pri:0, instance:com.loans.tests.LoanVerificationTest@7c417213]" name="submitLoanRequestForm" class="com.loans.tests.LoanVerificationTest"/>
      </group> <!-- smoke -->
    </groups>
    <test name="Default test" duration-ms="70774" started-at="2019-03-26T21:55:29Z" finished-at="2019-03-26T21:56:40Z">
      <class name="com.loans.tests.LoanVerificationTest">
        <test-method status="PASS" signature="beforeTestInParent(java.lang.String)[pri:0, instance:com.loans.tests.LoanVerificationTest@7c417213]" name="beforeTestInParent" is-config="true" duration-ms="17074" started-at="2019-03-26T21:55:29Z" finished-at="2019-03-26T21:55:46Z">
          <params>
            <param index="0">
              <value>
                <![CDATA[chrome]]>
              </value>
            </param>
          </params>
          <reporter-output>
          </reporter-output>
        </test-method> <!-- beforeTestInParent -->
        <test-method status="PASS" signature="beforeGroupsInParent(java.lang.String)[pri:0, instance:com.loans.tests.LoanVerificationTest@7c417213]" name="beforeGroupsInParent" is-config="true" duration-ms="8230" started-at="2019-03-26T21:55:46Z" finished-at="2019-03-26T21:55:55Z">
          <params>
            <param index="0">
              <value>
                <![CDATA[chrome]]>
              </value>
            </param>
          </params>
          <reporter-output>
          </reporter-output>
        </test-method> <!-- beforeGroupsInParent -->
        <test-method status="PASS" signature="beforeMethodInLoanLandingPageTest()[pri:0, instance:com.loans.tests.LoanVerificationTest@7c417213]" name="beforeMethodInLoanLandingPageTest" is-config="true" duration-ms="133" started-at="2019-03-26T21:55:55Z" finished-at="2019-03-26T21:55:55Z">
          <reporter-output>
          </reporter-output>
        </test-method> <!-- beforeMethodInLoanLandingPageTest -->
        <test-method status="PASS" signature="submitLoanRequestForm()[pri:0, instance:com.loans.tests.LoanVerificationTest@7c417213]" name="submitLoanRequestForm" duration-ms="43414" started-at="2019-03-26T21:55:55Z" finished-at="2019-03-26T21:56:38Z">
          <reporter-output>
          </reporter-output>
        </test-method> <!-- submitLoanRequestForm -->
        <test-method status="PASS" signature="tearDownInParent()[pri:0, instance:com.loans.tests.LoanVerificationTest@7c417213]" name="tearDownInParent" is-config="true" duration-ms="1706" started-at="2019-03-26T21:56:38Z" finished-at="2019-03-26T21:56:40Z">
          <reporter-output>
          </reporter-output>
        </test-method> <!-- tearDownInParent -->
      </class> <!-- com.loans.tests.LoanVerificationTest -->
    </test> <!-- Default test -->
  </suite> <!-- Default suite -->
</testng-results>
