<?xml version="1.0" encoding="UTF-8"?>
<testng-results skipped="0" failed="0" ignored="0" total="3" passed="3">
  <reporter-output>
  </reporter-output>
  <suite name="Default suite" duration-ms="43963" started-at="2019-03-23T08:02:26Z" finished-at="2019-03-23T08:03:10Z">
    <groups>
      <group name="regression">
        <method signature="LoanVerificationTest.submitLoanRequestForm()[pri:0, instance:com.loans.tests.LoanVerificationTest@754ba872]" name="submitLoanRequestForm" class="com.loans.tests.LoanVerificationTest"/>
        <method signature="LoanVerificationTest.testCase2()[pri:0, instance:com.loans.tests.LoanVerificationTest@754ba872]" name="testCase2" class="com.loans.tests.LoanVerificationTest"/>
      </group> <!-- regression -->
      <group name="smoke">
        <method signature="LoanVerificationTest.submitLoanRequestForm()[pri:0, instance:com.loans.tests.LoanVerificationTest@754ba872]" name="submitLoanRequestForm" class="com.loans.tests.LoanVerificationTest"/>
        <method signature="LoanVerificationTest.testCase3()[pri:0, instance:com.loans.tests.LoanVerificationTest@754ba872]" name="testCase3" class="com.loans.tests.LoanVerificationTest"/>
      </group> <!-- smoke -->
    </groups>
    <test name="Default test" duration-ms="43963" started-at="2019-03-23T08:02:26Z" finished-at="2019-03-23T08:03:10Z">
      <class name="com.loans.tests.LoanVerificationTest">
        <test-method status="PASS" signature="beforeTestInParent(java.lang.String)[pri:0, instance:com.loans.tests.LoanVerificationTest@754ba872]" name="beforeTestInParent" is-config="true" duration-ms="8388" started-at="2019-03-23T08:02:26Z" finished-at="2019-03-23T08:02:35Z">
          <params>
            <param index="0">
              <value>
                <![CDATA[chrome]]>
              </value>
            </param>
          </params>
          <reporter-output>
          </reporter-output>
        </test-method> <!-- beforeTestInParent -->
        <test-method status="PASS" signature="beforeGroupsInParent(java.lang.String)[pri:0, instance:com.loans.tests.LoanVerificationTest@754ba872]" name="beforeGroupsInParent" is-config="true" duration-ms="6814" started-at="2019-03-23T08:02:35Z" finished-at="2019-03-23T08:02:41Z">
          <params>
            <param index="0">
              <value>
                <![CDATA[chrome]]>
              </value>
            </param>
          </params>
          <reporter-output>
          </reporter-output>
        </test-method> <!-- beforeGroupsInParent -->
        <test-method status="PASS" signature="beforeMethodInLoanLandingPageTest()[pri:0, instance:com.loans.tests.LoanVerificationTest@754ba872]" name="beforeMethodInLoanLandingPageTest" is-config="true" duration-ms="47" started-at="2019-03-23T08:02:41Z" finished-at="2019-03-23T08:02:41Z">
          <reporter-output>
          </reporter-output>
        </test-method> <!-- beforeMethodInLoanLandingPageTest -->
        <test-method status="PASS" signature="submitLoanRequestForm()[pri:0, instance:com.loans.tests.LoanVerificationTest@754ba872]" name="submitLoanRequestForm" duration-ms="27839" started-at="2019-03-23T08:02:41Z" finished-at="2019-03-23T08:03:09Z">
          <reporter-output>
          </reporter-output>
        </test-method> <!-- submitLoanRequestForm -->
        <test-method status="PASS" signature="beforeMethodInLoanLandingPageTest()[pri:0, instance:com.loans.tests.LoanVerificationTest@754ba872]" name="beforeMethodInLoanLandingPageTest" is-config="true" duration-ms="3" started-at="2019-03-23T08:03:09Z" finished-at="2019-03-23T08:03:09Z">
          <reporter-output>
          </reporter-output>
        </test-method> <!-- beforeMethodInLoanLandingPageTest -->
        <test-method status="PASS" signature="testCase2()[pri:0, instance:com.loans.tests.LoanVerificationTest@754ba872]" name="testCase2" duration-ms="6" started-at="2019-03-23T08:03:09Z" finished-at="2019-03-23T08:03:09Z">
          <reporter-output>
          </reporter-output>
        </test-method> <!-- testCase2 -->
        <test-method status="PASS" signature="beforeMethodInLoanLandingPageTest()[pri:0, instance:com.loans.tests.LoanVerificationTest@754ba872]" name="beforeMethodInLoanLandingPageTest" is-config="true" duration-ms="2" started-at="2019-03-23T08:03:09Z" finished-at="2019-03-23T08:03:09Z">
          <reporter-output>
          </reporter-output>
        </test-method> <!-- beforeMethodInLoanLandingPageTest -->
        <test-method status="PASS" signature="testCase3()[pri:0, instance:com.loans.tests.LoanVerificationTest@754ba872]" name="testCase3" duration-ms="6" started-at="2019-03-23T08:03:09Z" finished-at="2019-03-23T08:03:09Z">
          <reporter-output>
          </reporter-output>
        </test-method> <!-- testCase3 -->
        <test-method status="PASS" signature="tearDownInParent()[pri:0, instance:com.loans.tests.LoanVerificationTest@754ba872]" name="tearDownInParent" is-config="true" duration-ms="818" started-at="2019-03-23T08:03:09Z" finished-at="2019-03-23T08:03:10Z">
          <reporter-output>
          </reporter-output>
        </test-method> <!-- tearDownInParent -->
      </class> <!-- com.loans.tests.LoanVerificationTest -->
    </test> <!-- Default test -->
  </suite> <!-- Default suite -->
</testng-results>
